<?xml version="1.0" encoding="UTF-8"?>
<testng-results skipped="0" failed="0" ignored="0" total="1" passed="1">
  <reporter-output>
  </reporter-output>
  <suite name="Suite" duration-ms="58705" started-at="2023-02-09T05:36:34Z" finished-at="2023-02-09T05:37:33Z">
    <groups>
    </groups>
    <test name="Test" duration-ms="58705" started-at="2023-02-09T05:36:34Z" finished-at="2023-02-09T05:37:33Z">
      <class name="com.tests.HomeTest">
        <test-method status="PASS" signature="launchApplication()[pri:0, instance:com.tests.HomeTest@1d7acb34]" name="launchApplication" is-config="true" duration-ms="37667" started-at="2023-02-09T05:36:34Z" finished-at="2023-02-09T05:37:12Z">
          <reporter-output>
          </reporter-output>
        </test-method> <!-- launchApplication -->
        <test-method status="PASS" signature="VerifySearchedProductFromList()[pri:0, instance:com.tests.HomeTest@1d7acb34]" name="VerifySearchedProductFromList" duration-ms="20707" started-at="2023-02-09T05:37:12Z" finished-at="2023-02-09T05:37:33Z">
          <reporter-output>
          </reporter-output>
        </test-method> <!-- VerifySearchedProductFromList -->
        <test-method status="PASS" signature="tearDown()[pri:0, instance:com.tests.HomeTest@1d7acb34]" name="tearDown" is-config="true" duration-ms="314" started-at="2023-02-09T05:37:33Z" finished-at="2023-02-09T05:37:33Z">
          <reporter-output>
          </reporter-output>
        </test-method> <!-- tearDown -->
      </class> <!-- com.tests.HomeTest -->
    </test> <!-- Test -->
  </suite> <!-- Suite -->
</testng-results>
